2022-08-18 00:06:05.154  INFO 12336 --- [RMI TCP Connection(19)-127.0.0.1] inMXBeanRegistrar$SpringApplicationAdmin : Application shutdown requested.
2022-08-18 00:06:05.181  INFO 12336 --- [RMI TCP Connection(19)-127.0.0.1] j.LocalContainerEntityManagerFactoryBean : Closing JPA EntityManagerFactory for persistence unit 'default'
2022-08-18 00:06:05.182  INFO 12336 --- [RMI TCP Connection(19)-127.0.0.1] com.zaxxer.hikari.HikariDataSource       : HikariPool-2 - Shutdown initiated...
2022-08-18 00:06:05.219  INFO 12336 --- [RMI TCP Connection(19)-127.0.0.1] com.zaxxer.hikari.HikariDataSource       : HikariPool-2 - Shutdown completed.
2022-08-18 00:06:09.107  INFO 6308 --- [restartedMain] c.shopme.admin.ShopmeBackendApplication  : Starting ShopmeBackendApplication using Java 17.0.3 on DESKTOP-KK6FE83 with PID 6308 (D:\Java\ShopmeEcommerce\ShopmeProject\ShopmeWebParent\ShopmeBackend\target\classes started by kiran in D:\Java\ShopmeEcommerce\ShopmeProject\ShopmeWebParent\ShopmeBackend)
2022-08-18 00:06:09.111  INFO 6308 --- [restartedMain] c.shopme.admin.ShopmeBackendApplication  : No active profile set, falling back to 1 default profile: "default"
2022-08-18 00:06:09.276  INFO 6308 --- [restartedMain] .e.DevToolsPropertyDefaultsPostProcessor : Devtools property defaults active! Set 'spring.devtools.add-properties' to 'false' to disable
2022-08-18 00:06:09.276  INFO 6308 --- [restartedMain] .e.DevToolsPropertyDefaultsPostProcessor : For additional web related logging consider setting the 'logging.level.web' property to 'DEBUG'
2022-08-18 00:06:11.421  INFO 6308 --- [restartedMain] .s.d.r.c.RepositoryConfigurationDelegate : Bootstrapping Spring Data JPA repositories in DEFAULT mode.
2022-08-18 00:06:11.582  INFO 6308 --- [restartedMain] .s.d.r.c.RepositoryConfigurationDelegate : Finished Spring Data repository scanning in 135 ms. Found 2 JPA repository interfaces.
2022-08-18 00:06:13.024  INFO 6308 --- [restartedMain] o.s.b.w.embedded.tomcat.TomcatWebServer  : Tomcat initialized with port(s): 8080 (http)
2022-08-18 00:06:13.055  INFO 6308 --- [restartedMain] o.apache.catalina.core.StandardService   : Starting service [Tomcat]
2022-08-18 00:06:13.056  INFO 6308 --- [restartedMain] org.apache.catalina.core.StandardEngine  : Starting Servlet engine: [Apache Tomcat/9.0.64]
2022-08-18 00:06:13.376  INFO 6308 --- [restartedMain] o.a.c.c.C.[.[localhost].[/ShopmeAdmin]   : Initializing Spring embedded WebApplicationContext
2022-08-18 00:06:13.377  INFO 6308 --- [restartedMain] w.s.c.ServletWebServerApplicationContext : Root WebApplicationContext: initialization completed in 4100 ms
2022-08-18 00:06:13.806  INFO 6308 --- [restartedMain] o.hibernate.jpa.internal.util.LogHelper  : HHH000204: Processing PersistenceUnitInfo [name: default]
2022-08-18 00:06:13.923  INFO 6308 --- [restartedMain] org.hibernate.Version                    : HHH000412: Hibernate ORM core version 5.6.9.Final
2022-08-18 00:06:14.432  INFO 6308 --- [restartedMain] o.hibernate.annotations.common.Version   : HCANN000001: Hibernate Commons Annotations {5.1.2.Final}
2022-08-18 00:06:14.752  INFO 6308 --- [restartedMain] com.zaxxer.hikari.HikariDataSource       : HikariPool-1 - Starting...
2022-08-18 00:06:15.761  INFO 6308 --- [restartedMain] com.zaxxer.hikari.HikariDataSource       : HikariPool-1 - Start completed.
2022-08-18 00:06:15.822  INFO 6308 --- [restartedMain] org.hibernate.dialect.Dialect            : HHH000400: Using dialect: org.hibernate.dialect.MySQL8Dialect
2022-08-18 00:06:17.743  INFO 6308 --- [restartedMain] o.h.e.t.j.p.i.JtaPlatformInitiator       : HHH000490: Using JtaPlatform implementation: [org.hibernate.engine.transaction.jta.platform.internal.NoJtaPlatform]
2022-08-18 00:06:17.762  INFO 6308 --- [restartedMain] j.LocalContainerEntityManagerFactoryBean : Initialized JPA EntityManagerFactory for persistence unit 'default'
2022-08-18 00:06:17.914  WARN 6308 --- [restartedMain] JpaBaseConfiguration$JpaWebConfiguration : spring.jpa.open-in-view is enabled by default. Therefore, database queries may be performed during view rendering. Explicitly configure spring.jpa.open-in-view to disable this warning
2022-08-18 00:06:19.376  WARN 6308 --- [restartedMain] o.s.s.c.a.web.builders.WebSecurity       : You are asking Spring Security to ignore Ant [pattern='/images/**']. This is not recommended -- please use permitAll via HttpSecurity#authorizeHttpRequests instead.
2022-08-18 00:06:19.378  INFO 6308 --- [restartedMain] o.s.s.web.DefaultSecurityFilterChain     : Will not secure Ant [pattern='/images/**']
2022-08-18 00:06:19.379  WARN 6308 --- [restartedMain] o.s.s.c.a.web.builders.WebSecurity       : You are asking Spring Security to ignore Ant [pattern='/js/**']. This is not recommended -- please use permitAll via HttpSecurity#authorizeHttpRequests instead.
2022-08-18 00:06:19.379  INFO 6308 --- [restartedMain] o.s.s.web.DefaultSecurityFilterChain     : Will not secure Ant [pattern='/js/**']
2022-08-18 00:06:19.380  WARN 6308 --- [restartedMain] o.s.s.c.a.web.builders.WebSecurity       : You are asking Spring Security to ignore Ant [pattern='/webjars/**']. This is not recommended -- please use permitAll via HttpSecurity#authorizeHttpRequests instead.
2022-08-18 00:06:19.380  INFO 6308 --- [restartedMain] o.s.s.web.DefaultSecurityFilterChain     : Will not secure Ant [pattern='/webjars/**']
2022-08-18 00:06:19.553  INFO 6308 --- [restartedMain] o.s.s.web.DefaultSecurityFilterChain     : Will secure any request with [org.springframework.security.web.session.DisableEncodeUrlFilter@13d36285, org.springframework.security.web.context.request.async.WebAsyncManagerIntegrationFilter@3b01b0be, org.springframework.security.web.context.SecurityContextPersistenceFilter@54a81a4, org.springframework.security.web.header.HeaderWriterFilter@225f7684, org.springframework.security.web.csrf.CsrfFilter@2451b07b, org.springframework.security.web.authentication.logout.LogoutFilter@7607b9d9, org.springframework.security.web.authentication.UsernamePasswordAuthenticationFilter@775747c1, org.springframework.security.web.savedrequest.RequestCacheAwareFilter@7256e1ba, org.springframework.security.web.servletapi.SecurityContextHolderAwareRequestFilter@55af6fa9, org.springframework.security.web.authentication.rememberme.RememberMeAuthenticationFilter@14f889cb, org.springframework.security.web.authentication.AnonymousAuthenticationFilter@7428ce4, org.springframework.security.web.session.SessionManagementFilter@477613e9, org.springframework.security.web.access.ExceptionTranslationFilter@e489f1b, org.springframework.security.web.access.intercept.FilterSecurityInterceptor@4af057c4]
2022-08-18 00:06:20.110  INFO 6308 --- [restartedMain] o.s.b.a.w.s.WelcomePageHandlerMapping    : Adding welcome page template: index
2022-08-18 00:06:22.039  INFO 6308 --- [restartedMain] o.s.b.d.a.OptionalLiveReloadServer       : LiveReload server is running on port 35729
2022-08-18 00:06:22.189  INFO 6308 --- [restartedMain] o.s.b.w.embedded.tomcat.TomcatWebServer  : Tomcat started on port(s): 8080 (http) with context path '/ShopmeAdmin'
2022-08-18 00:06:22.226  INFO 6308 --- [restartedMain] c.shopme.admin.ShopmeBackendApplication  : Started ShopmeBackendApplication in 14.07 seconds (JVM running for 15.741)
