2022-08-18 00:07:10.922  INFO 6308 --- [RMI TCP Connection(7)-127.0.0.1] inMXBeanRegistrar$SpringApplicationAdmin : Application shutdown requested.
2022-08-18 00:07:10.958  INFO 6308 --- [RMI TCP Connection(7)-127.0.0.1] j.LocalContainerEntityManagerFactoryBean : Closing JPA EntityManagerFactory for persistence unit 'default'
2022-08-18 00:07:10.961  INFO 6308 --- [RMI TCP Connection(7)-127.0.0.1] com.zaxxer.hikari.HikariDataSource       : HikariPool-1 - Shutdown initiated...
2022-08-18 00:07:10.971  INFO 6308 --- [RMI TCP Connection(7)-127.0.0.1] com.zaxxer.hikari.HikariDataSource       : HikariPool-1 - Shutdown completed.
2022-08-18 00:07:14.010  INFO 9312 --- [restartedMain] c.shopme.admin.ShopmeBackendApplication  : Starting ShopmeBackendApplication using Java 17.0.3 on DESKTOP-KK6FE83 with PID 9312 (D:\Java\ShopmeEcommerce\ShopmeProject\ShopmeWebParent\ShopmeBackend\target\classes started by kiran in D:\Java\ShopmeEcommerce\ShopmeProject\ShopmeWebParent\ShopmeBackend)
2022-08-18 00:07:14.013  INFO 9312 --- [restartedMain] c.shopme.admin.ShopmeBackendApplication  : No active profile set, falling back to 1 default profile: "default"
2022-08-18 00:07:14.112  INFO 9312 --- [restartedMain] .e.DevToolsPropertyDefaultsPostProcessor : Devtools property defaults active! Set 'spring.devtools.add-properties' to 'false' to disable
2022-08-18 00:07:14.112  INFO 9312 --- [restartedMain] .e.DevToolsPropertyDefaultsPostProcessor : For additional web related logging consider setting the 'logging.level.web' property to 'DEBUG'
2022-08-18 00:07:15.333  INFO 9312 --- [restartedMain] .s.d.r.c.RepositoryConfigurationDelegate : Bootstrapping Spring Data JPA repositories in DEFAULT mode.
2022-08-18 00:07:15.436  INFO 9312 --- [restartedMain] .s.d.r.c.RepositoryConfigurationDelegate : Finished Spring Data repository scanning in 84 ms. Found 2 JPA repository interfaces.
2022-08-18 00:07:16.521  INFO 9312 --- [restartedMain] o.s.b.w.embedded.tomcat.TomcatWebServer  : Tomcat initialized with port(s): 8080 (http)
2022-08-18 00:07:16.538  INFO 9312 --- [restartedMain] o.apache.catalina.core.StandardService   : Starting service [Tomcat]
2022-08-18 00:07:16.539  INFO 9312 --- [restartedMain] org.apache.catalina.core.StandardEngine  : Starting Servlet engine: [Apache Tomcat/9.0.64]
2022-08-18 00:07:16.714  INFO 9312 --- [restartedMain] o.a.c.c.C.[.[localhost].[/ShopmeAdmin]   : Initializing Spring embedded WebApplicationContext
2022-08-18 00:07:16.714  INFO 9312 --- [restartedMain] w.s.c.ServletWebServerApplicationContext : Root WebApplicationContext: initialization completed in 2601 ms
2022-08-18 00:07:17.068  INFO 9312 --- [restartedMain] o.hibernate.jpa.internal.util.LogHelper  : HHH000204: Processing PersistenceUnitInfo [name: default]
2022-08-18 00:07:17.163  INFO 9312 --- [restartedMain] org.hibernate.Version                    : HHH000412: Hibernate ORM core version 5.6.9.Final
2022-08-18 00:07:17.472  INFO 9312 --- [restartedMain] o.hibernate.annotations.common.Version   : HCANN000001: Hibernate Commons Annotations {5.1.2.Final}
2022-08-18 00:07:17.679  INFO 9312 --- [restartedMain] com.zaxxer.hikari.HikariDataSource       : HikariPool-1 - Starting...
2022-08-18 00:07:18.304  INFO 9312 --- [restartedMain] com.zaxxer.hikari.HikariDataSource       : HikariPool-1 - Start completed.
2022-08-18 00:07:18.335  INFO 9312 --- [restartedMain] org.hibernate.dialect.Dialect            : HHH000400: Using dialect: org.hibernate.dialect.MySQL8Dialect
2022-08-18 00:07:19.626  INFO 9312 --- [restartedMain] o.h.e.t.j.p.i.JtaPlatformInitiator       : HHH000490: Using JtaPlatform implementation: [org.hibernate.engine.transaction.jta.platform.internal.NoJtaPlatform]
2022-08-18 00:07:19.642  INFO 9312 --- [restartedMain] j.LocalContainerEntityManagerFactoryBean : Initialized JPA EntityManagerFactory for persistence unit 'default'
2022-08-18 00:07:19.744  WARN 9312 --- [restartedMain] JpaBaseConfiguration$JpaWebConfiguration : spring.jpa.open-in-view is enabled by default. Therefore, database queries may be performed during view rendering. Explicitly configure spring.jpa.open-in-view to disable this warning
2022-08-18 00:07:20.808  WARN 9312 --- [restartedMain] o.s.s.c.a.web.builders.WebSecurity       : You are asking Spring Security to ignore Ant [pattern='/images/**']. This is not recommended -- please use permitAll via HttpSecurity#authorizeHttpRequests instead.
2022-08-18 00:07:20.809  INFO 9312 --- [restartedMain] o.s.s.web.DefaultSecurityFilterChain     : Will not secure Ant [pattern='/images/**']
2022-08-18 00:07:20.809  WARN 9312 --- [restartedMain] o.s.s.c.a.web.builders.WebSecurity       : You are asking Spring Security to ignore Ant [pattern='/js/**']. This is not recommended -- please use permitAll via HttpSecurity#authorizeHttpRequests instead.
2022-08-18 00:07:20.809  INFO 9312 --- [restartedMain] o.s.s.web.DefaultSecurityFilterChain     : Will not secure Ant [pattern='/js/**']
2022-08-18 00:07:20.810  WARN 9312 --- [restartedMain] o.s.s.c.a.web.builders.WebSecurity       : You are asking Spring Security to ignore Ant [pattern='/webjars/**']. This is not recommended -- please use permitAll via HttpSecurity#authorizeHttpRequests instead.
2022-08-18 00:07:20.810  INFO 9312 --- [restartedMain] o.s.s.web.DefaultSecurityFilterChain     : Will not secure Ant [pattern='/webjars/**']
2022-08-18 00:07:20.908  INFO 9312 --- [restartedMain] o.s.s.web.DefaultSecurityFilterChain     : Will secure any request with [org.springframework.security.web.session.DisableEncodeUrlFilter@3617d1c8, org.springframework.security.web.context.request.async.WebAsyncManagerIntegrationFilter@7ebdd23d, org.springframework.security.web.context.SecurityContextPersistenceFilter@6f04c89c, org.springframework.security.web.header.HeaderWriterFilter@5e02bad0, org.springframework.security.web.csrf.CsrfFilter@76dc5f46, org.springframework.security.web.authentication.logout.LogoutFilter@152a672e, org.springframework.security.web.authentication.UsernamePasswordAuthenticationFilter@60bd8fc6, org.springframework.security.web.savedrequest.RequestCacheAwareFilter@287b9529, org.springframework.security.web.servletapi.SecurityContextHolderAwareRequestFilter@596ad09c, org.springframework.security.web.authentication.rememberme.RememberMeAuthenticationFilter@59186a7d, org.springframework.security.web.authentication.AnonymousAuthenticationFilter@13e29338, org.springframework.security.web.session.SessionManagementFilter@5abe9f7, org.springframework.security.web.access.ExceptionTranslationFilter@1b6af81a, org.springframework.security.web.access.intercept.FilterSecurityInterceptor@7fc5b706]
2022-08-18 00:07:21.167  INFO 9312 --- [restartedMain] o.s.b.a.w.s.WelcomePageHandlerMapping    : Adding welcome page template: index
2022-08-18 00:07:22.389  INFO 9312 --- [restartedMain] o.s.b.d.a.OptionalLiveReloadServer       : LiveReload server is running on port 35729
2022-08-18 00:07:22.467  INFO 9312 --- [restartedMain] o.s.b.w.embedded.tomcat.TomcatWebServer  : Tomcat started on port(s): 8080 (http) with context path '/ShopmeAdmin'
2022-08-18 00:07:22.485  INFO 9312 --- [restartedMain] c.shopme.admin.ShopmeBackendApplication  : Started ShopmeBackendApplication in 9.242 seconds (JVM running for 10.382)
